<?xml version="1.0" encoding="UTF-8"?>
<!-- Generated by org.testng.reporters.JUnitReportReporter -->
<testsuite skipped="0" hostname="DESKTOP-77T8OHD" name="com.nopcommerce.demo.AppTest" tests="1" failures="0" timestamp="28 Nov 2021 15:27:20 GMT" time="0.013" errors="0">
  <testcase name="shouldAnswerWithTrue" time="0.013" classname="com.nopcommerce.demo.AppTest"/>
</testsuite> <!-- com.nopcommerce.demo.AppTest -->
